<?xml version="1.0" encoding="UTF-8"?>
<testng-results skipped="0" failed="0" total="1" passed="1">
  <reporter-output>
  </reporter-output>
  <suite name="Suite" duration-ms="17420" started-at="2019-10-01T00:32:17Z" finished-at="2019-10-01T00:32:35Z">
    <groups>
    </groups>
    <test name="Test" duration-ms="17420" started-at="2019-10-01T00:32:17Z" finished-at="2019-10-01T00:32:35Z">
      <class name="com.qa.page.Testclass">
        <test-method status="PASS" signature="test1()[pri:0, instance:com.qa.page.Testclass@5dfcfece]" name="test1" duration-ms="17406" started-at="2019-10-01T06:02:18Z" finished-at="2019-10-01T06:02:35Z">
          <reporter-output>
          </reporter-output>
        </test-method> <!-- test1 -->
      </class> <!-- com.qa.page.Testclass -->
    </test> <!-- Test -->
  </suite> <!-- Suite -->
</testng-results>
