<?xml version="1.0" encoding="UTF-8"?>
<testng-results skipped="0" failed="0" ignored="0" total="1" passed="1">
  <reporter-output>
  </reporter-output>
  <suite name="Suite" duration-ms="70419" started-at="2019-10-23T09:28:20 IST" finished-at="2019-10-23T09:29:30 IST">
    <groups>
    </groups>
    <test name="Test" duration-ms="70419" started-at="2019-10-23T09:28:20 IST" finished-at="2019-10-23T09:29:30 IST">
      <class name="com.qa.runner.TestRunner">
        <test-method status="PASS" signature="setUpClass()[pri:0, instance:com.qa.runner.TestRunner@64d7f7e0]" name="setUpClass" is-config="true" duration-ms="795" started-at="2019-10-23T09:28:20 IST" finished-at="2019-10-23T09:28:21 IST">
          <reporter-output>
          </reporter-output>
        </test-method> <!-- setUpClass -->
        <test-method status="PASS" signature="feature(cucumber.api.testng.CucumberFeatureWrapper)[pri:0, instance:com.qa.runner.TestRunner@64d7f7e0]" name="feature" duration-ms="52542" started-at="2019-10-23T09:28:21 IST" data-provider="features" finished-at="2019-10-23T09:29:14 IST">
          <params>
            <param index="0">
              <value>
                <![CDATA[OrangeHrm Application Test]]>
              </value>
            </param>
          </params>
          <reporter-output>
          </reporter-output>
        </test-method> <!-- feature -->
        <test-method status="PASS" signature="tearDownClass()[pri:0, instance:com.qa.runner.TestRunner@64d7f7e0]" name="tearDownClass" is-config="true" duration-ms="16178" started-at="2019-10-23T09:29:14 IST" finished-at="2019-10-23T09:29:30 IST">
          <reporter-output>
          </reporter-output>
        </test-method> <!-- tearDownClass -->
      </class> <!-- com.qa.runner.TestRunner -->
    </test> <!-- Test -->
  </suite> <!-- Suite -->
</testng-results>
