<?xml version="1.0" encoding="UTF-8"?>
<testng-results skipped="0" failed="0" ignored="0" total="1" passed="1">
  <reporter-output>
  </reporter-output>
  <suite name="Default suite" duration-ms="24621" started-at="2019-10-22T23:45:49 IST" finished-at="2019-10-22T23:46:14 IST">
    <groups>
    </groups>
    <test name="Default test" duration-ms="24621" started-at="2019-10-22T23:45:49 IST" finished-at="2019-10-22T23:46:14 IST">
      <class name="com.qa.runner.TestRunner">
        <test-method status="PASS" signature="setUpClass()[pri:0, instance:com.qa.runner.TestRunner@10b48321]" name="setUpClass" is-config="true" duration-ms="441" started-at="2019-10-22T23:45:49 IST" finished-at="2019-10-22T23:45:50 IST">
          <reporter-output>
          </reporter-output>
        </test-method> <!-- setUpClass -->
        <test-method status="PASS" signature="feature(cucumber.api.testng.CucumberFeatureWrapper)[pri:0, instance:com.qa.runner.TestRunner@10b48321]" name="feature" duration-ms="22944" started-at="2019-10-22T23:45:50 IST" data-provider="features" finished-at="2019-10-22T23:46:13 IST">
          <params>
            <param index="0">
              <value>
                <![CDATA[OrangeHrm Application Test]]>
              </value>
            </param>
          </params>
          <reporter-output>
          </reporter-output>
        </test-method> <!-- feature -->
        <test-method status="PASS" signature="tearDownClass()[pri:0, instance:com.qa.runner.TestRunner@10b48321]" name="tearDownClass" is-config="true" duration-ms="975" started-at="2019-10-22T23:46:13 IST" finished-at="2019-10-22T23:46:14 IST">
          <reporter-output>
          </reporter-output>
        </test-method> <!-- tearDownClass -->
      </class> <!-- com.qa.runner.TestRunner -->
    </test> <!-- Default test -->
  </suite> <!-- Default suite -->
</testng-results>
